[debug] [2024-04-02T19:52:22.362Z] ----------------------------------------------------------------------
[debug] [2024-04-02T19:52:22.365Z] Command:       /home/eduar/.nvm/versions/node/v18.20.0/bin/node /home/eduar/.yarn/bin/firebase emulators:start
[debug] [2024-04-02T19:52:22.366Z] CLI Version:   13.6.0
[debug] [2024-04-02T19:52:22.366Z] Platform:      linux
[debug] [2024-04-02T19:52:22.367Z] Node Version:  v18.20.0
[debug] [2024-04-02T19:52:22.367Z] Time:          Tue Apr 02 2024 16:52:22 GMT-0300 (Brasilia Standard Time)
[debug] [2024-04-02T19:52:22.368Z] ----------------------------------------------------------------------
[debug] 
[debug] [2024-04-02T19:52:22.468Z] > command requires scopes: ["email","openid","https://www.googleapis.com/auth/cloudplatformprojects.readonly","https://www.googleapis.com/auth/firebase","https://www.googleapis.com/auth/cloud-platform"]
[debug] [2024-04-02T19:52:22.468Z] > authorizing via signed-in user (eduarda@popstand.com)
[debug] [2024-04-02T19:52:22.547Z] java version "17.0.6" 2023-01-17 LTS
Java(TM) SE Runtime Environment (build 17.0.6+9-LTS-190)
Java HotSpot(TM) 64-Bit Server VM (build 17.0.6+9-LTS-190, mixed mode, sharing)

[debug] [2024-04-02T19:52:22.552Z] Parsed Java major version: 17
[info] i  emulators: Starting emulators: auth, functions, firestore {"metadata":{"emulator":{"name":"hub"},"message":"Starting emulators: auth, functions, firestore"}}
[debug] [2024-04-02T19:52:22.559Z] assigned listening specs for emulators {"user":{"hub":[{"address":"127.0.0.1","family":"IPv4","port":4400}],"ui":[{"address":"127.0.0.1","family":"IPv4","port":4000}],"logging":[{"address":"127.0.0.1","family":"IPv4","port":4500}],"auth":[{"address":"127.0.0.1","family":"IPv4","port":9099}],"firestore":[{"address":"127.0.0.1","family":"IPv4","port":8080}],"firestore.websocket":[{"address":"127.0.0.1","family":"IPv4","port":9150}]},"metadata":{"message":"assigned listening specs for emulators"}}
[debug] [2024-04-02T19:52:22.566Z] [hub] writing locator at /tmp/hub-example-project-5802c.json
[debug] [2024-04-02T19:52:22.580Z] late-assigned ports for functions and eventarc emulators {"user":{"hub":[{"address":"127.0.0.1","family":"IPv4","port":4400}],"ui":[{"address":"127.0.0.1","family":"IPv4","port":4000}],"logging":[{"address":"127.0.0.1","family":"IPv4","port":4500}],"auth":[{"address":"127.0.0.1","family":"IPv4","port":9099}],"firestore":[{"address":"127.0.0.1","family":"IPv4","port":8080}],"firestore.websocket":[{"address":"127.0.0.1","family":"IPv4","port":9150}],"functions":[{"address":"127.0.0.1","family":"IPv4","port":5001}],"eventarc":[{"address":"127.0.0.1","family":"IPv4","port":9299}]},"metadata":{"message":"late-assigned ports for functions and eventarc emulators"}}
[warn] ⚠  functions: The following emulators are not running, calls to these services from the Functions emulator will affect production: database, hosting, pubsub, storage {"metadata":{"emulator":{"name":"functions"},"message":"The following emulators are not running, calls to these services from the Functions emulator will affect production: \u001b[1mdatabase, hosting, pubsub, storage\u001b[22m"}}
[debug] [2024-04-02T19:52:22.584Z] defaultcredentials: writing to file /home/eduar/.config/firebase/eduarda_popstand_com_application_default_credentials.json
[debug] [2024-04-02T19:52:22.588Z] Setting GAC to /home/eduar/.config/firebase/eduarda_popstand_com_application_default_credentials.json {"metadata":{"emulator":{"name":"functions"},"message":"Setting GAC to /home/eduar/.config/firebase/eduarda_popstand_com_application_default_credentials.json"}}
[debug] [2024-04-02T19:52:22.595Z] >>> [apiv2][query] GET https://firebase.googleapis.com/v1beta1/projects/example-project-5802c/adminSdkConfig [none]
[debug] [2024-04-02T19:52:23.071Z] <<< [apiv2][status] GET https://firebase.googleapis.com/v1beta1/projects/example-project-5802c/adminSdkConfig 200
[debug] [2024-04-02T19:52:23.071Z] <<< [apiv2][body] GET https://firebase.googleapis.com/v1beta1/projects/example-project-5802c/adminSdkConfig {"projectId":"example-project-5802c","storageBucket":"example-project-5802c.appspot.com"}
[debug] [2024-04-02T19:52:23.099Z] Ignoring unsupported arg: auto_download {"metadata":{"emulator":{"name":"firestore"},"message":"Ignoring unsupported arg: auto_download"}}
[debug] [2024-04-02T19:52:23.099Z] Ignoring unsupported arg: single_project_mode_error {"metadata":{"emulator":{"name":"firestore"},"message":"Ignoring unsupported arg: single_project_mode_error"}}
[debug] [2024-04-02T19:52:23.100Z] Starting Firestore Emulator with command {"binary":"java","args":["-Djava.net.preferIPv4Stack=true","-Dgoogle.cloud_firestore.debug_log_level=FINE","-Duser.language=en","-jar","/home/eduar/.cache/firebase/emulators/cloud-firestore-emulator-v1.19.4.jar","--host","127.0.0.1","--port",8080,"--websocket_port",9150,"--project_id","example-project-5802c","--rules","/home/eduar/projects/firebase-workshop/firestore.rules","--single_project_mode",true,"--functions_emulator","127.0.0.1:5001"],"optionalArgs":["port","webchannel_port","host","rules","websocket_port","functions_emulator","seed_from_export","project_id","single_project_mode"],"joinArgs":false} {"metadata":{"emulator":{"name":"firestore"},"message":"Starting Firestore Emulator with command {\"binary\":\"java\",\"args\":[\"-Djava.net.preferIPv4Stack=true\",\"-Dgoogle.cloud_firestore.debug_log_level=FINE\",\"-Duser.language=en\",\"-jar\",\"/home/eduar/.cache/firebase/emulators/cloud-firestore-emulator-v1.19.4.jar\",\"--host\",\"127.0.0.1\",\"--port\",8080,\"--websocket_port\",9150,\"--project_id\",\"example-project-5802c\",\"--rules\",\"/home/eduar/projects/firebase-workshop/firestore.rules\",\"--single_project_mode\",true,\"--functions_emulator\",\"127.0.0.1:5001\"],\"optionalArgs\":[\"port\",\"webchannel_port\",\"host\",\"rules\",\"websocket_port\",\"functions_emulator\",\"seed_from_export\",\"project_id\",\"single_project_mode\"],\"joinArgs\":false}"}}
[info] i  firestore: Firestore Emulator logging to firestore-debug.log {"metadata":{"emulator":{"name":"firestore"},"message":"Firestore Emulator logging to \u001b[1mfirestore-debug.log\u001b[22m"}}
[debug] [2024-04-02T19:52:25.334Z] Apr 02, 2024 4:52:25 PM com.google.cloud.datastore.emulator.firestore.websocket.WebSocketServer start
INFO: Started WebSocket server on ws://127.0.0.1:9150
 {"metadata":{"emulator":{"name":"firestore"},"message":"Apr 02, 2024 4:52:25 PM com.google.cloud.datastore.emulator.firestore.websocket.WebSocketServer start\nINFO: Started WebSocket server on ws://127.0.0.1:9150\n"}}
[debug] [2024-04-02T19:52:25.469Z] API endpoint: http://127.0.0.1:8080
 {"metadata":{"emulator":{"name":"firestore"},"message":"API endpoint: http://127.0.0.1:8080\n"}}
[debug] [2024-04-02T19:52:25.470Z] If you are using a library that supports the FIRESTORE_EMULATOR_HOST environment variable, run:

   export FIRESTORE_EMULATOR_HOST=127.0.0.1:8080

If you are running a Firestore in Datastore Mode project, run:

   export DATASTORE_EMULATOR_HOST=127.0.0.1:8080

Note: Support for Datastore Mode is in preview. If you encounter any bugs please file at https://github.com/firebase/firebase-tools/issues.
Dev App Server is now running.

 {"metadata":{"emulator":{"name":"firestore"},"message":"If you are using a library that supports the FIRESTORE_EMULATOR_HOST environment variable, run:\n\n   export FIRESTORE_EMULATOR_HOST=127.0.0.1:8080\n\nIf you are running a Firestore in Datastore Mode project, run:\n\n   export DATASTORE_EMULATOR_HOST=127.0.0.1:8080\n\nNote: Support for Datastore Mode is in preview. If you encounter any bugs please file at https://github.com/firebase/firebase-tools/issues.\nDev App Server is now running.\n\n"}}
[info] ✔  firestore: Firestore Emulator UI websocket is running on 9150. {"metadata":{"emulator":{"name":"firestore"},"message":"Firestore Emulator UI websocket is running on 9150."}}
[debug] [2024-04-02T19:52:39.741Z] Apr 02, 2024 4:52:32 PM com.google.cloud.datastore.emulator.firestore.websocket.WebSocketChannelHandler initChannel
INFO: Connected to new websocket client
Apr 02, 2024 4:52:32 PM io.gapi.emulators.netty.HttpVersionRoutingHandler channelRead
INFO: Detected non-HTTP/2 connection.
Apr 02, 2024 4:52:32 PM io.gapi.emulators.netty.HttpVersionRoutingHandler channelRead
INFO: Detected HTTP/2 connection.
Apr 02, 2024 4:52:34 PM com.google.cloud.datastore.emulator.firestore.websocket.WebSocketChannelHandler channelClosed
INFO: Websocket client disconnected
 {"metadata":{"emulator":{"name":"firestore"},"message":"Apr 02, 2024 4:52:32 PM com.google.cloud.datastore.emulator.firestore.websocket.WebSocketChannelHandler initChannel\nINFO: Connected to new websocket client\nApr 02, 2024 4:52:32 PM io.gapi.emulators.netty.HttpVersionRoutingHandler channelRead\nINFO: Detected non-HTTP/2 connection.\nApr 02, 2024 4:52:32 PM io.gapi.emulators.netty.HttpVersionRoutingHandler channelRead\nINFO: Detected HTTP/2 connection.\nApr 02, 2024 4:52:34 PM com.google.cloud.datastore.emulator.firestore.websocket.WebSocketChannelHandler channelClosed\nINFO: Websocket client disconnected\n"}}
[debug] [2024-04-02T19:52:39.746Z] Ignoring unsupported arg: auto_download {"metadata":{"emulator":{"name":"ui"},"message":"Ignoring unsupported arg: auto_download"}}
[debug] [2024-04-02T19:52:39.746Z] Ignoring unsupported arg: port {"metadata":{"emulator":{"name":"ui"},"message":"Ignoring unsupported arg: port"}}
[debug] [2024-04-02T19:52:39.747Z] Starting Emulator UI with command {"binary":"node","args":["/home/eduar/.cache/firebase/emulators/ui-v1.11.8/server/server.mjs"],"optionalArgs":[],"joinArgs":false} {"metadata":{"emulator":{"name":"ui"},"message":"Starting Emulator UI with command {\"binary\":\"node\",\"args\":[\"/home/eduar/.cache/firebase/emulators/ui-v1.11.8/server/server.mjs\"],\"optionalArgs\":[],\"joinArgs\":false}"}}
[info] i  ui: Emulator UI logging to ui-debug.log {"metadata":{"emulator":{"name":"ui"},"message":"Emulator UI logging to \u001b[1mui-debug.log\u001b[22m"}}
[debug] [2024-04-02T19:52:39.943Z] Web / API server started at 127.0.0.1:4000
 {"metadata":{"emulator":{"name":"ui"},"message":"Web / API server started at 127.0.0.1:4000\n"}}
[info] i  functions: Watching "/home/eduar/projects/firebase-workshop/functions" for Cloud Functions... {"metadata":{"emulator":{"name":"functions"},"message":"Watching \"/home/eduar/projects/firebase-workshop/functions\" for Cloud Functions..."}}
[debug] [2024-04-02T19:52:40.016Z] Validating nodejs source
[debug] [2024-04-02T19:52:40.919Z] > [functions] package.json contents: {
  "name": "functions",
  "scripts": {
    "lint": "eslint --ext .js,.ts .",
    "build": "tsc",
    "build:watch": "tsc --watch",
    "serve": "concurrently \"npm run build:watch\" \"firebase emulators:start\"",
    "shell": "npm run build && firebase functions:shell",
    "start": "npm run shell",
    "deploy": "firebase deploy --only functions",
    "logs": "firebase functions:log"
  },
  "engines": {
    "node": "18"
  },
  "main": "lib/index.js",
  "dependencies": {
    "concurrently": "^8.2.2",
    "firebase-admin": "^11.8.0",
    "firebase-functions": "^4.3.1"
  },
  "devDependencies": {
    "@typescript-eslint/eslint-plugin": "^5.12.0",
    "@typescript-eslint/parser": "^5.12.0",
    "eslint": "^8.9.0",
    "eslint-config-google": "^0.14.0",
    "eslint-plugin-import": "^2.25.4",
    "firebase-functions-test": "^3.1.0",
    "typescript": "^4.9.0"
  },
  "private": true
}
[debug] [2024-04-02T19:52:40.920Z] Building nodejs source
[debug] [2024-04-02T19:52:40.920Z] Failed to find version of module node: reached end of search path /home/eduar/projects/firebase-workshop/functions/node_modules
[info] ✔  functions: Using node@18 from host. 
[debug] [2024-04-02T19:52:40.924Z] Could not find functions.yaml. Must use http discovery
[debug] [2024-04-02T19:52:40.932Z] Found firebase-functions binary at '/home/eduar/projects/firebase-workshop/functions/node_modules/.bin/firebase-functions'
[info] Serving at port 8982

[debug] [2024-04-02T19:52:41.406Z] Got response from /__/functions.yaml {"endpoints":{"helloWorld":{"availableMemoryMb":null,"timeoutSeconds":null,"minInstances":null,"maxInstances":null,"ingressSettings":null,"concurrency":null,"serviceAccountEmail":null,"vpc":null,"platform":"gcfv2","labels":{},"httpsTrigger":{},"entryPoint":"helloWorld"}},"specVersion":"v1alpha1","requiredAPIs":[]}
[info] ✔  functions: Loaded functions definitions from source: helloWorld. {"metadata":{"emulator":{"name":"functions"},"message":"Loaded functions definitions from source: helloWorld."}}
[info] ✔  functions[us-central1-helloWorld]: http function initialized (http://127.0.0.1:5001/example-project-5802c/us-central1/helloWorld). {"metadata":{"emulator":{"name":"functions"},"message":"\u001b[1mhttp\u001b[22m function initialized (http://127.0.0.1:5001/example-project-5802c/us-central1/helloWorld)."}}
[info] 
┌─────────────────────────────────────────────────────────────┐
│ ✔  All emulators ready! It is now safe to connect your app. │
│ i  View Emulator UI at http://127.0.0.1:4000/               │
└─────────────────────────────────────────────────────────────┘

┌────────────────┬────────────────┬─────────────────────────────────┐
│ Emulator       │ Host:Port      │ View in Emulator UI             │
├────────────────┼────────────────┼─────────────────────────────────┤
│ Authentication │ 127.0.0.1:9099 │ http://127.0.0.1:4000/auth      │
├────────────────┼────────────────┼─────────────────────────────────┤
│ Functions      │ 127.0.0.1:5001 │ http://127.0.0.1:4000/functions │
├────────────────┼────────────────┼─────────────────────────────────┤
│ Firestore      │ 127.0.0.1:8080 │ http://127.0.0.1:4000/firestore │
└────────────────┴────────────────┴─────────────────────────────────┘
  Emulator Hub running at 127.0.0.1:4400
  Other reserved ports: 4500, 9150

Issues? Report them at https://github.com/firebase/firebase-tools/issues and attach the *-debug.log files.
 
[debug] [2024-04-02T19:52:50.337Z] Apr 02, 2024 4:52:50 PM com.google.cloud.datastore.emulator.firestore.websocket.WebSocketChannelHandler initChannel
INFO: Connected to new websocket client
 {"metadata":{"emulator":{"name":"firestore"},"message":"Apr 02, 2024 4:52:50 PM com.google.cloud.datastore.emulator.firestore.websocket.WebSocketChannelHandler initChannel\nINFO: Connected to new websocket client\n"}}
[debug] [2024-04-02T19:53:42.496Z] [work-queue] {"queuedWork":["/example-project-5802c/us-central1/helloWorld-2024-04-02T19:53:42.496Z"],"queueLength":1,"runningWork":[],"workRunningCount":0}
[debug] [2024-04-02T19:53:42.497Z] [work-queue] {"queuedWork":[],"queueLength":0,"runningWork":["/example-project-5802c/us-central1/helloWorld-2024-04-02T19:53:42.496Z"],"workRunningCount":1}
[debug] [2024-04-02T19:53:42.497Z] Accepted request GET /example-project-5802c/us-central1/helloWorld --> us-central1-helloWorld
[debug] [2024-04-02T19:53:42.498Z] [functions] Runtime ready! Sending request! {"metadata":{"emulator":{"name":"functions"},"message":"[functions] Runtime ready! Sending request!"}}
[debug] [2024-04-02T19:53:42.499Z] [functions] Got req.url=/example-project-5802c/us-central1/helloWorld, mapping to path=/ {"metadata":{"emulator":{"name":"functions"},"message":"[functions] Got req.url=/example-project-5802c/us-central1/helloWorld, mapping to path=/"}}
[debug] [2024-04-02T19:53:42.506Z] [worker-pool] addWorker(us-central1-helloWorld) {"metadata":{"emulator":{"name":"functions"},"message":"[worker-pool] addWorker(us-central1-helloWorld)"}}
[debug] [2024-04-02T19:53:42.507Z] [worker-pool] Adding worker with key us-central1-helloWorld, total=1 {"metadata":{"emulator":{"name":"functions"},"message":"[worker-pool] Adding worker with key us-central1-helloWorld, total=1"}}
[debug] [2024-04-02T19:53:43.567Z] [runtime-status] [136592] Resolved module firebase-admin {"declared":true,"installed":true,"version":"11.11.1","resolution":"/home/eduar/projects/firebase-workshop/functions/node_modules/firebase-admin/lib/index.js"} {"metadata":{"emulator":{"name":"functions"},"function":{"name":"us-central1-helloWorld"},"extension":{},"message":"[runtime-status] [136592] Resolved module firebase-admin {\"declared\":true,\"installed\":true,\"version\":\"11.11.1\",\"resolution\":\"/home/eduar/projects/firebase-workshop/functions/node_modules/firebase-admin/lib/index.js\"}"}}
[debug] [2024-04-02T19:53:43.568Z] [runtime-status] [136592] Resolved module firebase-functions {"declared":true,"installed":true,"version":"4.8.2","resolution":"/home/eduar/projects/firebase-workshop/functions/node_modules/firebase-functions/lib/v1/index.js"} {"metadata":{"emulator":{"name":"functions"},"function":{"name":"us-central1-helloWorld"},"extension":{},"message":"[runtime-status] [136592] Resolved module firebase-functions {\"declared\":true,\"installed\":true,\"version\":\"4.8.2\",\"resolution\":\"/home/eduar/projects/firebase-workshop/functions/node_modules/firebase-functions/lib/v1/index.js\"}"}}
[debug] [2024-04-02T19:53:43.570Z] [runtime-status] [136592] Outgoing network have been stubbed. [{"name":"http","status":"mocked"},{"name":"http","status":"mocked"},{"name":"https","status":"mocked"},{"name":"https","status":"mocked"},{"name":"net","status":"mocked"}] {"metadata":{"emulator":{"name":"functions"},"function":{"name":"us-central1-helloWorld"},"extension":{},"message":"[runtime-status] [136592] Outgoing network have been stubbed. [{\"name\":\"http\",\"status\":\"mocked\"},{\"name\":\"http\",\"status\":\"mocked\"},{\"name\":\"https\",\"status\":\"mocked\"},{\"name\":\"https\",\"status\":\"mocked\"},{\"name\":\"net\",\"status\":\"mocked\"}]"}}
[debug] [2024-04-02T19:53:43.575Z] [runtime-status] [136592] Resolved module firebase-functions {"declared":true,"installed":true,"version":"4.8.2","resolution":"/home/eduar/projects/firebase-workshop/functions/node_modules/firebase-functions/lib/v1/index.js"} {"metadata":{"emulator":{"name":"functions"},"function":{"name":"us-central1-helloWorld"},"extension":{},"message":"[runtime-status] [136592] Resolved module firebase-functions {\"declared\":true,\"installed\":true,\"version\":\"4.8.2\",\"resolution\":\"/home/eduar/projects/firebase-workshop/functions/node_modules/firebase-functions/lib/v1/index.js\"}"}}
[debug] [2024-04-02T19:53:43.937Z] [runtime-status] [136592] Checked functions.config() {"config":{}} {"metadata":{"emulator":{"name":"functions"},"function":{"name":"us-central1-helloWorld"},"extension":{},"message":"[runtime-status] [136592] Checked functions.config() {\"config\":{}}"}}
[debug] [2024-04-02T19:53:43.937Z] [runtime-status] [136592] firebase-functions has been stubbed. {"functionsResolution":{"declared":true,"installed":true,"version":"4.8.2","resolution":"/home/eduar/projects/firebase-workshop/functions/node_modules/firebase-functions/lib/v1/index.js"}} {"metadata":{"emulator":{"name":"functions"},"function":{"name":"us-central1-helloWorld"},"extension":{},"message":"[runtime-status] [136592] firebase-functions has been stubbed. {\"functionsResolution\":{\"declared\":true,\"installed\":true,\"version\":\"4.8.2\",\"resolution\":\"/home/eduar/projects/firebase-workshop/functions/node_modules/firebase-functions/lib/v1/index.js\"}}"}}
[debug] [2024-04-02T19:53:43.939Z] [runtime-status] [136592] Resolved module firebase-functions {"declared":true,"installed":true,"version":"4.8.2","resolution":"/home/eduar/projects/firebase-workshop/functions/node_modules/firebase-functions/lib/v1/index.js"} {"metadata":{"emulator":{"name":"functions"},"function":{"name":"us-central1-helloWorld"},"extension":{},"message":"[runtime-status] [136592] Resolved module firebase-functions {\"declared\":true,\"installed\":true,\"version\":\"4.8.2\",\"resolution\":\"/home/eduar/projects/firebase-workshop/functions/node_modules/firebase-functions/lib/v1/index.js\"}"}}
[debug] [2024-04-02T19:53:43.941Z] [runtime-status] [136592] Resolved module firebase-admin {"declared":true,"installed":true,"version":"11.11.1","resolution":"/home/eduar/projects/firebase-workshop/functions/node_modules/firebase-admin/lib/index.js"} {"metadata":{"emulator":{"name":"functions"},"function":{"name":"us-central1-helloWorld"},"extension":{},"message":"[runtime-status] [136592] Resolved module firebase-admin {\"declared\":true,\"installed\":true,\"version\":\"11.11.1\",\"resolution\":\"/home/eduar/projects/firebase-workshop/functions/node_modules/firebase-admin/lib/index.js\"}"}}
[debug] [2024-04-02T19:53:43.944Z] [runtime-status] [136592] Resolved module firebase-functions {"declared":true,"installed":true,"version":"4.8.2","resolution":"/home/eduar/projects/firebase-workshop/functions/node_modules/firebase-functions/lib/v1/index.js"} {"metadata":{"emulator":{"name":"functions"},"function":{"name":"us-central1-helloWorld"},"extension":{},"message":"[runtime-status] [136592] Resolved module firebase-functions {\"declared\":true,\"installed\":true,\"version\":\"4.8.2\",\"resolution\":\"/home/eduar/projects/firebase-workshop/functions/node_modules/firebase-functions/lib/v1/index.js\"}"}}
[debug] [2024-04-02T19:53:43.944Z] [runtime-status] [136592] firebase-admin has been stubbed. {"adminResolution":{"declared":true,"installed":true,"version":"11.11.1","resolution":"/home/eduar/projects/firebase-workshop/functions/node_modules/firebase-admin/lib/index.js"}} {"metadata":{"emulator":{"name":"functions"},"function":{"name":"us-central1-helloWorld"},"extension":{},"message":"[runtime-status] [136592] firebase-admin has been stubbed. {\"adminResolution\":{\"declared\":true,\"installed\":true,\"version\":\"11.11.1\",\"resolution\":\"/home/eduar/projects/firebase-workshop/functions/node_modules/firebase-admin/lib/index.js\"}}"}}
[debug] [2024-04-02T19:53:43.970Z] [runtime-status] [136592] Functions runtime initialized. {"cwd":"/home/eduar/projects/firebase-workshop/functions","node_version":"18.20.0"} {"metadata":{"emulator":{"name":"functions"},"function":{"name":"us-central1-helloWorld"},"extension":{},"message":"[runtime-status] [136592] Functions runtime initialized. {\"cwd\":\"/home/eduar/projects/firebase-workshop/functions\",\"node_version\":\"18.20.0\"}"}}
[debug] [2024-04-02T19:53:43.971Z] [runtime-status] [136592] Listening to port: /tmp/fire_emu_c8cb83f4a1e57fd8.sock {"metadata":{"emulator":{"name":"functions"},"function":{"name":"us-central1-helloWorld"},"extension":{},"message":"[runtime-status] [136592] Listening to port: /tmp/fire_emu_c8cb83f4a1e57fd8.sock"}}
[debug] [2024-04-02T19:53:44.042Z] [worker-us-central1-helloWorld-1d4226b3-e11f-4c7a-afdd-ec0b987453b3]: IDLE {"metadata":{"emulator":{"name":"functions"},"function":{"name":"us-central1-helloWorld"},"extension":{},"message":"[worker-us-central1-helloWorld-1d4226b3-e11f-4c7a-afdd-ec0b987453b3]: IDLE"}}
[debug] [2024-04-02T19:53:44.043Z] [worker-pool] submitRequest(triggerId=us-central1-helloWorld) {"metadata":{"emulator":{"name":"functions"},"message":"[worker-pool] submitRequest(triggerId=us-central1-helloWorld)"}}
[info] i  functions: Beginning execution of "us-central1-helloWorld" {"metadata":{"emulator":{"name":"functions"},"function":{"name":"us-central1-helloWorld"},"extension":{},"message":"Beginning execution of \"us-central1-helloWorld\""}}
[debug] [2024-04-02T19:53:44.045Z] [worker-us-central1-helloWorld-1d4226b3-e11f-4c7a-afdd-ec0b987453b3]: BUSY {"metadata":{"emulator":{"name":"functions"},"function":{"name":"us-central1-helloWorld"},"extension":{},"message":"[worker-us-central1-helloWorld-1d4226b3-e11f-4c7a-afdd-ec0b987453b3]: BUSY"}}
[info] >  {"structuredData":true,"severity":"INFO","message":"Hello logs!"} {"user":{"structuredData":true,"severity":"INFO","message":"Hello logs!"},"metadata":{"emulator":{"name":"functions"},"function":{"name":"us-central1-helloWorld"},"extension":{},"message":"\u001b[90m> \u001b[39m {\"structuredData\":true,\"severity\":\"INFO\",\"message\":\"Hello logs!\"}"}}
[debug] [2024-04-02T19:53:44.064Z] Finishing up request with event=pause {"metadata":{"emulator":{"name":"functions"},"function":{"name":"us-central1-helloWorld"},"extension":{},"message":"Finishing up request with event=pause"}}
[info] i  functions: Finished "us-central1-helloWorld" in 19.317204ms {"metadata":{"emulator":{"name":"functions"},"function":{"name":"us-central1-helloWorld"},"extension":{},"message":"Finished \"us-central1-helloWorld\" in 19.317204ms"}}
[debug] [2024-04-02T19:53:44.066Z] [worker-us-central1-helloWorld-1d4226b3-e11f-4c7a-afdd-ec0b987453b3]: IDLE {"metadata":{"emulator":{"name":"functions"},"function":{"name":"us-central1-helloWorld"},"extension":{},"message":"[worker-us-central1-helloWorld-1d4226b3-e11f-4c7a-afdd-ec0b987453b3]: IDLE"}}
[debug] [2024-04-02T19:53:44.066Z] Finishing up request with event=finish {"metadata":{"emulator":{"name":"functions"},"function":{"name":"us-central1-helloWorld"},"extension":{},"message":"Finishing up request with event=finish"}}
[debug] [2024-04-02T19:53:44.066Z] Finishing up request with event=close {"metadata":{"emulator":{"name":"functions"},"function":{"name":"us-central1-helloWorld"},"extension":{},"message":"Finishing up request with event=close"}}
[debug] [2024-04-02T19:53:44.066Z] [work-queue] {"queuedWork":[],"queueLength":0,"runningWork":[],"workRunningCount":0}
[debug] [2024-04-02T19:57:25.261Z] File /home/eduar/projects/firebase-workshop/functions/lib/index.js.map changed, reloading triggers {"metadata":{"emulator":{"name":"functions"},"message":"File /home/eduar/projects/firebase-workshop/functions/lib/index.js.map changed, reloading triggers"}}
[debug] [2024-04-02T19:57:25.263Z] File /home/eduar/projects/firebase-workshop/functions/lib/index.js changed, reloading triggers {"metadata":{"emulator":{"name":"functions"},"message":"File /home/eduar/projects/firebase-workshop/functions/lib/index.js changed, reloading triggers"}}
[debug] [2024-04-02T19:57:26.300Z] Validating nodejs source
[debug] [2024-04-02T19:57:27.241Z] > [functions] package.json contents: {
  "name": "functions",
  "scripts": {
    "lint": "eslint --ext .js,.ts .",
    "build": "tsc",
    "build:watch": "tsc --watch",
    "serve": "concurrently \"npm run build:watch\" \"firebase emulators:start\"",
    "shell": "npm run build && firebase functions:shell",
    "start": "npm run shell",
    "deploy": "firebase deploy --only functions",
    "logs": "firebase functions:log"
  },
  "engines": {
    "node": "18"
  },
  "main": "lib/index.js",
  "dependencies": {
    "concurrently": "^8.2.2",
    "firebase-admin": "^11.8.0",
    "firebase-functions": "^4.3.1"
  },
  "devDependencies": {
    "@typescript-eslint/eslint-plugin": "^5.12.0",
    "@typescript-eslint/parser": "^5.12.0",
    "eslint": "^8.9.0",
    "eslint-config-google": "^0.14.0",
    "eslint-plugin-import": "^2.25.4",
    "firebase-functions-test": "^3.1.0",
    "typescript": "^4.9.0"
  },
  "private": true
}
[debug] [2024-04-02T19:57:27.241Z] Building nodejs source
[debug] [2024-04-02T19:57:27.242Z] Failed to find version of module node: reached end of search path /home/eduar/projects/firebase-workshop/functions/node_modules
[info] ✔  functions: Using node@18 from host. 
[debug] [2024-04-02T19:57:27.244Z] Could not find functions.yaml. Must use http discovery
[debug] [2024-04-02T19:57:27.247Z] Found firebase-functions binary at '/home/eduar/projects/firebase-workshop/functions/node_modules/.bin/firebase-functions'
[info] Serving at port 8976

[debug] [2024-04-02T19:57:27.545Z] Got response from /__/functions.yaml {"endpoints":{"helloWorld":{"availableMemoryMb":null,"timeoutSeconds":null,"minInstances":null,"maxInstances":null,"ingressSettings":null,"concurrency":null,"serviceAccountEmail":null,"vpc":null,"platform":"gcfv2","labels":{},"httpsTrigger":{},"entryPoint":"helloWorld"}},"specVersion":"v1alpha1","requiredAPIs":[]}
[info] ✔  functions: Loaded functions definitions from source: helloWorld. {"metadata":{"emulator":{"name":"functions"},"message":"Loaded functions definitions from source: helloWorld."}}
[debug] [2024-04-02T19:57:27.562Z] [worker-pool] Shutting down IDLE worker (us-central1-helloWorld) {"metadata":{"emulator":{"name":"functions"},"message":"[worker-pool] Shutting down IDLE worker (us-central1-helloWorld)"}}
[debug] [2024-04-02T19:57:27.562Z] [worker-us-central1-helloWorld-1d4226b3-e11f-4c7a-afdd-ec0b987453b3]: FINISHING {"metadata":{"emulator":{"name":"functions"},"function":{"name":"us-central1-helloWorld"},"extension":{},"message":"[worker-us-central1-helloWorld-1d4226b3-e11f-4c7a-afdd-ec0b987453b3]: FINISHING"}}
[debug] [2024-04-02T19:57:27.569Z] [worker-us-central1-helloWorld-1d4226b3-e11f-4c7a-afdd-ec0b987453b3]: exited {"metadata":{"emulator":{"name":"functions"},"function":{"name":"us-central1-helloWorld"},"extension":{},"message":"[worker-us-central1-helloWorld-1d4226b3-e11f-4c7a-afdd-ec0b987453b3]: exited"}}
[debug] [2024-04-02T19:57:27.570Z] [worker-us-central1-helloWorld-1d4226b3-e11f-4c7a-afdd-ec0b987453b3]: FINISHED {"metadata":{"emulator":{"name":"functions"},"function":{"name":"us-central1-helloWorld"},"extension":{},"message":"[worker-us-central1-helloWorld-1d4226b3-e11f-4c7a-afdd-ec0b987453b3]: FINISHED"}}
[debug] [2024-04-02T19:58:05.547Z] File /home/eduar/projects/firebase-workshop/functions/lib/index.js.map changed, reloading triggers {"metadata":{"emulator":{"name":"functions"},"message":"File /home/eduar/projects/firebase-workshop/functions/lib/index.js.map changed, reloading triggers"}}
[debug] [2024-04-02T19:58:05.555Z] File /home/eduar/projects/firebase-workshop/functions/lib/index.js changed, reloading triggers {"metadata":{"emulator":{"name":"functions"},"message":"File /home/eduar/projects/firebase-workshop/functions/lib/index.js changed, reloading triggers"}}
[debug] [2024-04-02T19:58:06.556Z] Validating nodejs source
[debug] [2024-04-02T19:58:07.528Z] > [functions] package.json contents: {
  "name": "functions",
  "scripts": {
    "lint": "eslint --ext .js,.ts .",
    "build": "tsc",
    "build:watch": "tsc --watch",
    "serve": "concurrently \"npm run build:watch\" \"firebase emulators:start\"",
    "shell": "npm run build && firebase functions:shell",
    "start": "npm run shell",
    "deploy": "firebase deploy --only functions",
    "logs": "firebase functions:log"
  },
  "engines": {
    "node": "18"
  },
  "main": "lib/index.js",
  "dependencies": {
    "concurrently": "^8.2.2",
    "firebase-admin": "^11.8.0",
    "firebase-functions": "^4.3.1"
  },
  "devDependencies": {
    "@typescript-eslint/eslint-plugin": "^5.12.0",
    "@typescript-eslint/parser": "^5.12.0",
    "eslint": "^8.9.0",
    "eslint-config-google": "^0.14.0",
    "eslint-plugin-import": "^2.25.4",
    "firebase-functions-test": "^3.1.0",
    "typescript": "^4.9.0"
  },
  "private": true
}
[debug] [2024-04-02T19:58:07.528Z] Building nodejs source
[debug] [2024-04-02T19:58:07.528Z] Failed to find version of module node: reached end of search path /home/eduar/projects/firebase-workshop/functions/node_modules
[info] ✔  functions: Using node@18 from host. 
[debug] [2024-04-02T19:58:07.530Z] Could not find functions.yaml. Must use http discovery
[debug] [2024-04-02T19:58:07.531Z] Found firebase-functions binary at '/home/eduar/projects/firebase-workshop/functions/node_modules/.bin/firebase-functions'
[info] Serving at port 8847

[debug] [2024-04-02T19:58:07.992Z] Got response from /__/functions.yaml {"endpoints":{"helloWorld":{"availableMemoryMb":null,"timeoutSeconds":null,"minInstances":null,"maxInstances":null,"ingressSettings":null,"concurrency":null,"serviceAccountEmail":null,"vpc":null,"platform":"gcfv2","labels":{},"httpsTrigger":{},"entryPoint":"helloWorld"}},"specVersion":"v1alpha1","requiredAPIs":[]}
[info] ✔  functions: Loaded functions definitions from source: helloWorld. {"metadata":{"emulator":{"name":"functions"},"message":"Loaded functions definitions from source: helloWorld."}}
